"../../../../../UnrealProject/NSASecurityGuard/Content/Sprite/SecurityGuard/Sprites/main_character_sprite_sheet.uasset" 0
"../../../../../UnrealProject/NSASecurityGuard/Content/main_character_sprite_sheet.uasset" 1
"../../../../../UnrealProject/NSASecurityGuard/Content/Map/Level1/Images/LAYER1_GROUND.uasset" 2
"../../../../../UnrealProject/NSASecurityGuard/Content/Map/Level1/image/LAYER1_GROUND.uasset" 3
"../../../../../UnrealProject/NSASecurityGuard/Content/Map/Level2/Images/level_2_layers_1.uasset" 4
"../../../../../UnrealProject/NSASecurityGuard/Content/Map/Level2/level_2_layers_1.uasset" 5
"../../../../../UnrealProject/NSASecurityGuard/Content/Map/Level2/TileSets/level_2_layers_1_TileSet.uasset" 6
"../../../../../UnrealProject/NSASecurityGuard/Content/Map/Level2/level_2_layers_1_TileSet.uasset" 7
"../../../../../UnrealProject/NSASecurityGuard/Content/Map/Level2/Images/level_2_layers_whole.uasset" 8
"../../../../../UnrealProject/NSASecurityGuard/Content/Map/Level2/level_2_layers_whole.uasset" 9
"../../../../../UnrealProject/NSASecurityGuard/Content/Map/Level2/TileSets/level_2_layers_whole_TileSet.uasset" 10
"../../../../../UnrealProject/NSASecurityGuard/Content/Map/Level2/level_2_layers_whole_TileSet.uasset" 11
"../../../../../UnrealProject/NSASecurityGuard/Content/Map/Level2/TileMaps/tileMap_level2_outBound.uasset" 12
"../../../../../UnrealProject/NSASecurityGuard/Content/Map/Level2/outBound.uasset" 13
"../../../../../UnrealProject/NSASecurityGuard/Content/Map/Level2/Images/tilemap.uasset" 14
"../../../../../UnrealProject/NSASecurityGuard/Content/Map/Level2/tilemap.uasset" 15
"../../Plugins/2D/Paper2D/Content/PlaceholderTextures/DummySpriteTexture.uasset" 16
"../../Plugins/2D/Paper2D/Content/DefaultSpriteMaterial.uasset" 17
"../../Plugins/2D/Paper2D/Content/TranslucentUnlitSpriteMaterial.uasset" 18
"../../../../../UnrealProject/NSASecurityGuard/Content/Map/Level2/TileSets/tilemap_TileSet.uasset" 19
"../../../../../UnrealProject/NSASecurityGuard/Content/Map/Level2/TileMaps/tileMap_level2.uasset" 20
"../../../../../UnrealProject/NSASecurityGuard/Content/Map/Level2/tilemap_TileMap.uasset" 21
"../../../../../UnrealProject/NSASecurityGuard/Content/Map/Level2/tilemap_TileSet.uasset" 22
"../../../../../UnrealProject/NSASecurityGuard/Content/Map/Menus/pauseMenu.uasset" 23
"../../../../../UnrealProject/NSASecurityGuard/Content/Sprite/main_character_sprite_sheet.uasset" 24
"../../../../../UnrealProject/NSASecurityGuard/Content/Sprite/main_character_sprite_sheet_2.uasset" 25
"../../../../../UnrealProject/NSASecurityGuard/Content/Sprite/NormalCharacter/Sprites/normal_type_sprite_sheet.uasset" 26
"../../../../../UnrealProject/NSASecurityGuard/Content/Sprite/NormalCharacter/Sprites/normal_type_sprite_sheet_Sprite_64.uasset" 27
"../../../../../UnrealProject/NSASecurityGuard/Content/Sprite/SecurityGuard/main_character_sprite_sheet.uasset" 28
"../../../../../UnrealProject/NSASecurityGuard/Content/Sprite/SecurityGuard/Sprites/main_character_sprite_sheet_Sprite_36.uasset" 29
"../../../../../UnrealProject/NSASecurityGuard/Content/Sprite/SecurityGuard/Sprites/main_character_sprite_sheet_Sprite_37.uasset" 30
"../../../../../UnrealProject/NSASecurityGuard/Content/Sprite/SecurityGuard/Sprites/main_character_sprite_sheet_Sprite_38.uasset" 31
"../../../../../UnrealProject/NSASecurityGuard/Content/Sprite/SecurityGuard/Sprites/main_character_sprite_sheet_Sprite_39.uasset" 32
"../../../../../UnrealProject/NSASecurityGuard/Content/Sprite/SecurityGuard/Sprites/main_character_sprite_sheet_Sprite_40.uasset" 33
"../../../../../UnrealProject/NSASecurityGuard/Content/Sprite/SecurityGuard/Sprites/main_character_sprite_sheet_Sprite_41.uasset" 34
"../../../../../UnrealProject/NSASecurityGuard/Content/Sprite/SecurityGuard/Sprites/main_character_sprite_sheet_Sprite_42.uasset" 35
"../../../../../UnrealProject/NSASecurityGuard/Content/Sprite/SecurityGuard/Sprites/main_character_sprite_sheet_Sprite_43.uasset" 36
"../../../../../UnrealProject/NSASecurityGuard/Content/Sprite/SecurityGuard/Sprites/main_character_sprite_sheet_Sprite_44.uasset" 37
"../../../../../UnrealProject/NSASecurityGuard/Content/Sprite/SecurityGuard/Sprites/main_character_sprite_sheet_Sprite_45.uasset" 38
"../../../../../UnrealProject/NSASecurityGuard/Content/Sprite/SecurityGuard/Sprites/main_character_sprite_sheet_Sprite_46.uasset" 39
"../../../../../UnrealProject/NSASecurityGuard/Content/Sprite/SecurityGuard/Sprites/main_character_sprite_sheet_Sprite_47.uasset" 40
"../../../../../UnrealProject/NSASecurityGuard/Content/Sprite/SecurityGuard/Sprites/main_character_sprite_sheet_Sprite_48.uasset" 41
"../../../../../UnrealProject/NSASecurityGuard/Content/Sprite/SecurityGuard/Sprites/main_character_sprite_sheet_Sprite_49.uasset" 42
"../../../../../UnrealProject/NSASecurityGuard/Content/Sprite/SecurityGuard/Sprites/main_character_sprite_sheet_Sprite_50.uasset" 43
"../../../../../UnrealProject/NSASecurityGuard/Content/Sprite/SecurityGuard/Sprites/main_character_sprite_sheet_Sprite_51.uasset" 44
"../../../../../UnrealProject/NSASecurityGuard/Content/Sprite/SecurityGuard/Sprites/main_character_sprite_sheet_Sprite_52.uasset" 45
"../../../../../UnrealProject/NSASecurityGuard/Content/Sprite/SecurityGuard/Sprites/main_character_sprite_sheet_Sprite_53.uasset" 46
"../../../../../UnrealProject/NSASecurityGuard/Content/Sprite/SecurityGuard/Sprites/main_character_sprite_sheet_Sprite_54.uasset" 47
"../../../../../UnrealProject/NSASecurityGuard/Content/Sprite/SecurityGuard/Sprites/main_character_sprite_sheet_Sprite_63.uasset" 48
"../../../../../UnrealProject/NSASecurityGuard/Content/Sprite/SecurityGuard/Sprites/main_character_sprite_sheet_Sprite_64.uasset" 49
"../../../../../UnrealProject/NSASecurityGuard/Content/Sprite/SecurityGuard/Sprites/main_character_sprite_sheet_Sprite_69.uasset" 50
"../../../../../UnrealProject/NSASecurityGuard/Content/Sprite/SecurityGuard/Sprites/main_character_sprite_sheet_Sprite_74.uasset" 51
"../../../../../UnrealProject/NSASecurityGuard/Content/Sprite/SecurityGuard/Sprites/main_character_sprite_sheet_Sprite_77.uasset" 52
"../../../../../UnrealProject/NSASecurityGuard/Content/Sprite/SecurityGuard/Sprites/main_character_sprite_sheet_Sprite_78.uasset" 53
"../../../../../UnrealProject/NSASecurityGuard/Content/Sprite/SecurityGuard/Sprites/main_character_sprite_sheet_Sprite_81.uasset" 54
"../../../../../UnrealProject/NSASecurityGuard/Content/Sprite/SecurityGuard/Sprites/main_character_sprite_sheet_Sprite_82.uasset" 55
"../../../../../UnrealProject/NSASecurityGuard/Content/Sprite/SecurityGuard/Sprites/main_character_sprite_sheet_Sprite_85.uasset" 56
"../../../../../UnrealProject/NSASecurityGuard/Content/Sprite/SecurityGuard/Sprites/main_character_sprite_sheet_Sprite_86.uasset" 57
"../../../../../UnrealProject/NSASecurityGuard/Content/Sprite/SecurityGuard/Sprites/main_character_sprite_sheet_Sprite_89.uasset" 58
"../../../../../UnrealProject/NSASecurityGuard/Content/Sprite/SecurityGuard/Sprites/main_character_sprite_sheet_Sprite_90.uasset" 59
"../../../Engine/Content/Animation/DefaultAnimCurveCompressionSettings.uasset" 60
"../../../Engine/Content/Functions/Engine_MaterialFunctions01/Opacity/CameraDepthFade.uasset" 61
"../../../Engine/Content/EngineMaterials/T_Default_Material_Grid_M.uasset" 62
"../../../Engine/Content/EngineMaterials/T_Default_Material_Grid_N.uasset" 63
"../../../Engine/Content/EngineMaterials/WorldGridMaterial.uasset" 64
"../../../Engine/Content/ArtTools/RenderToTexture/Meshes/S_1_Unit_Plane.uasset" 65
"../../../Engine/Content/EngineMaterials/DefaultMaterial.uasset" 66
"../../../Engine/Content/BasicShapes/Cone.uasset" 67
"../../../Engine/Content/BasicShapes/Cube.uasset" 68
"../../../Engine/Content/BasicShapes/Cylinder.uasset" 69
"../../../Engine/Content/BasicShapes/Sphere.uasset" 70
"../../../Engine/Content/EditorLandscapeResources/DataLayer.uasset" 71
"../../../Engine/Content/EditorMaterials/MAT_Groups_Toggle.uasset" 72
"../../../Engine/Content/EditorMaterials/MAT_Groups_Visibility.uasset" 73
"../../../Engine/Content/EditorMaterials/PreviewShadowIndicator.uasset" 74
"../../../Engine/Content/EditorMaterials/PreviewShadowIndicatorMaterial.uasset" 75
"../../../Engine/Content/EditorMaterials/MatineeGroups/MAT_ColorTrack.uasset" 76
"../../../Engine/Content/EditorMaterials/MatineeGroups/MAT_Groups_Anim.uasset" 77
"../../../Engine/Content/EditorMaterials/MatineeGroups/MAT_Groups_AudioMaster.uasset" 78
"../../../Engine/Content/EditorMaterials/MatineeGroups/MAT_Groups_Director.uasset" 79
"../../../Engine/Content/EditorMaterials/MatineeGroups/MAT_Groups_Event.uasset" 80
"../../../Engine/Content/EditorMaterials/MatineeGroups/MAT_Groups_Fade.uasset" 81
"../../../Engine/Content/EditorMaterials/MatineeGroups/MAT_Groups_Float.uasset" 82
"../../../Engine/Content/EditorMaterials/MatineeGroups/MAT_Groups_Move.uasset" 83
"../../../Engine/Content/EditorMaterials/MatineeGroups/MAT_Groups_Slomo.uasset" 84
"../../../Engine/Content/EditorMaterials/MatineeGroups/MAT_Groups_Sound.uasset" 85
"../../../Engine/Content/EditorMaterials/MatineeGroups/MAT_Groups_Vector.uasset" 86
"../../../Engine/Content/EditorMaterials/ParticleSystems/PSysThumbnail_NoImage.uasset" 87
"../../../Engine/Content/EditorMaterials/ParticleSystems/PSysThumbnail_OOD.uasset" 88
"../../../Engine/Content/EditorMaterials/Camera/CineMat.uasset" 89
"../../../Engine/Content/EditorMaterials/Camera/MI_CineMat_Rig.uasset" 90
"../../../Engine/Content/EditorMeshes/Camera/SM_CraneRig_Arm.uasset" 91
"../../../Engine/Content/EditorMeshes/Camera/SM_CraneRig_Base.uasset" 92
"../../../Engine/Content/EditorMeshes/Camera/SM_CraneRig_Body.uasset" 93
"../../../Engine/Content/EditorMeshes/Camera/SM_CraneRig_Mount.uasset" 94
"../../../Engine/Content/EditorMeshes/Camera/SM_RailRig_Mount.uasset" 95
"../../../Engine/Content/EditorMeshes/Camera/SM_RailRig_Track.uasset" 96
"../../../Engine/Content/EditorResources/BSPVertex.uasset" 97
"../../../Engine/Content/EditorResources/EmptyActor.uasset" 98
"../../../Engine/Content/EditorResources/S_Actor.uasset" 99
"../../../Engine/Content/EditorResources/S_Note.uasset" 100
"../../../Engine/Content/EditorResources/S_Solver.uasset" 101
"../../../Engine/Content/EditorResources/S_Trigger.uasset" 102
"../../../Engine/Content/EditorResources/SequenceRecorder/Countdown.uasset" 103
"../../../Engine/Content/EditorResources/SequenceRecorder/RecordingIndicator.uasset" 104
"../../../Engine/Content/EditorSounds/Notifications/CompileFailed.uasset" 105
"../../../Engine/Content/EditorSounds/Notifications/CompileFailed_Cue.uasset" 106
"../../../Engine/Content/EditorSounds/Notifications/CompileSuccess.uasset" 107
"../../../Engine/Content/EditorSounds/Notifications/CompileStart_Cue.uasset" 108
"../../../Engine/Content/EditorSounds/Notifications/CompileSuccess_Cue.uasset" 109
"../../../Engine/Content/EngineDamageTypes/DmgTypeBP_Environmental.uasset" 110
"../../../Engine/Content/EngineDebugMaterials/DebugEditorMaterial.uasset" 111
"../../../Engine/Content/EngineDebugMaterials/DebugMeshMaterial.uasset" 112
"../../../Engine/Content/EngineDebugMaterials/M_SimpleUnlitTranslucent.uasset" 113
"../../../Engine/Content/Functions/Engine_MaterialFunctions02/Utility/CameraDirectionVector.uasset" 114
"../../../Engine/Content/EngineDebugMaterials/VolumeToRender.uasset" 115
"../../../Engine/Content/EngineDebugMaterials/M_VolumeRenderSphereTracePP.uasset" 116
"../../../Engine/Content/EngineDebugMaterials/WireframeMaterial.uasset" 117
"../../../Engine/Content/EngineFonts/Faces/DroidSansFallback.uasset" 118
"../../../Engine/Content/EngineFonts/Faces/RobotoBold.uasset" 119
"../../../Engine/Content/EngineFonts/Faces/RobotoBoldItalic.uasset" 120
"../../../Engine/Content/EngineFonts/Faces/RobotoItalic.uasset" 121
"../../../Engine/Content/EngineFonts/Faces/RobotoLight.uasset" 122
"../../../Engine/Content/EngineFonts/Faces/RobotoRegular.uasset" 123
"../../../Engine/Content/EngineFonts/Roboto.uasset" 124
"../../../Engine/Content/EngineMaterials/BaseFlattenDiffuseMap.uasset" 125
"../../../Engine/Content/EngineMaterials/BaseFlattenEmissiveMap.uasset" 126
"../../../Engine/Content/EngineMaterials/BaseFlattenGrayscaleMap.uasset" 127
"../../../Engine/Content/EngineMaterials/BaseFlattenNormalMap.uasset" 128
"../../../Engine/Content/EngineMaterials/BaseFlattenMaterial.uasset" 129
"../../../Engine/Content/EngineMaterials/BlueNoise.uasset" 130
"../../../Engine/Content/EngineMaterials/DefaultBloomKernel.uasset" 131
"../../../Engine/Content/EngineMaterials/DefaultBokeh.uasset" 132
"../../../Engine/Content/EngineMaterials/DefaultDiffuse.uasset" 133
"../../../Engine/Content/EngineMaterials/DefaultDeferredDecalMaterial.uasset" 134
"../../../Engine/Content/EngineMaterials/DefaultLightFunctionMaterial.uasset" 135
"../../../Engine/Content/EngineMaterials/DefaultPhysicalMaterial.uasset" 136
"../../../Engine/Content/Functions/Engine_MaterialFunctions02/Utility/BreakOutFloat2Components.uasset" 137
"../../../Engine/Content/EngineMaterials/DefaultPostProcessMaterial.uasset" 138
"../../../Engine/Content/EngineFonts/RobotoDistanceField.uasset" 139
"../../../Engine/Content/EngineMaterials/DefaultTextMaterialOpaque.uasset" 140
"../../../Engine/Content/EngineMaterials/DefaultWhiteGrid.uasset" 141
"../../../Engine/Content/EngineMaterials/DefaultWhiteGrid_Low.uasset" 142
"../../../Engine/Content/EngineMaterials/EmissiveMeshMaterial.uasset" 143
"../../../Engine/Content/EngineMaterials/GizmoMaterial.uasset" 144
"../../../Engine/Content/EngineMaterials/Good64x64TilingNoiseHighFreq.uasset" 145
"../../../Engine/Content/EngineMaterials/MiniFont.uasset" 146
"../../../Engine/Content/EngineMaterials/InvalidLightmapSettings.uasset" 147
"../../../Engine/Content/EngineMaterials/M_InvalidLightmapSettings.uasset" 148
"../../../Engine/Content/Functions/Engine_MaterialFunctions02/WorldPositionOffset/CameraOffset.uasset" 149
"../../../Engine/Content/EngineMaterials/PhAT_JointLimitMaterial.uasset" 150
"../../../Engine/Content/EngineMaterials/PreintegratedSkinBRDF.uasset" 151
"../../../Engine/Content/EngineMaterials/RemoveSurfaceMaterial.uasset" 152
"../../../Engine/Content/EngineMaterials/WeightMapPlaceholderTexture.uasset" 153
"../../../Engine/Content/EngineResources/WhiteSquareTexture.uasset" 154
"../../../Engine/Content/EngineMaterials/Widget3DPassThrough.uasset" 155
"../../../Engine/Content/EngineMaterials/Widget3DPassThrough_Masked.uasset" 156
"../../../Engine/Content/EngineMaterials/Widget3DPassThrough_Opaque.uasset" 157
"../../../Engine/Content/EngineMaterials/Widget3DPassThrough_Masked_OneSided.uasset" 158
"../../../Engine/Content/EngineMaterials/Widget3DPassThrough_Opaque_OneSided.uasset" 159
"../../../Engine/Content/EngineMaterials/Widget3DPassThrough_Translucent.uasset" 160
"../../../Engine/Content/EngineMaterials/Widget3DPassThrough_Translucent_OneSided.uasset" 161
"../../../Engine/Content/EngineMeshes/Cube.uasset" 162
"../../../Engine/Content/EngineMeshes/Cylinder.uasset" 163
"../../../Engine/Content/EngineMeshes/Sphere.uasset" 164
"../../../Engine/Content/EngineResources/Black.uasset" 165
"../../../Engine/Content/EngineResources/DefaultTexture.uasset" 166
"../../../Engine/Content/EngineResources/DefaultTextureCube.uasset" 167
"../../../Engine/Content/EngineResources/DefaultVolumeTexture2D.uasset" 168
"../../../Engine/Content/EngineResources/DefaultVolumeTexture.uasset" 169
"../../../Engine/Content/EngineResources/GradientTexture0.uasset" 170
"../../../Engine/Content/EngineSounds/Master.uasset" 171
"../../../Engine/Content/Functions/Engine_MaterialFunctions01/Shading/ConvertFromDiffSpec.uasset" 172
"../../../Engine/Content/Functions/Engine_MaterialFunctions01/Shading/PowerToRoughness.uasset" 173
"../../../Engine/Content/Maps/Templates/Thumbnails/Default.uasset" 174
"../../../Engine/Content/Maps/Templates/Thumbnails/TimeOfDay.uasset" 175
"../../../Engine/Content/Maps/Templates/Thumbnails/VR-Basic.uasset" 176
"../../../Engine/Content/MobileResources/T_MobileControls_texture.uasset" 177
"../../../Engine/Content/MobileResources/T_MobileMenu2.uasset" 178
"../../../Engine/Content/MobileResources/HUD/AnalogHat.uasset" 179
"../../../Engine/Content/MobileResources/HUD/VirtualJoystick_Background.uasset" 180
"../../../Engine/Content/MobileResources/HUD/VirtualJoystick_Thumb.uasset" 181
"../../../Engine/Content/MobileResources/HUD/DefaultVirtualJoysticks.uasset" 182
"../../../Engine/Content/MobileResources/HUD/LeftVirtualJoystickOnly.uasset" 183
"../../../Engine/Content/MobileResources/HUD/MobileHUDButton1_off.uasset" 184
"../../../Engine/Content/MobileResources/HUD/MobileHUDButton1_on.uasset" 185
"../../../Engine/Content/MobileResources/HUD/MobileHUDButton2_off.uasset" 186
"../../../Engine/Content/MobileResources/HUD/MobileHUDButton2_on.uasset" 187
"../../../Engine/Content/MobileResources/HUD/MobileHUDButton3.uasset" 188
"../../../Engine/Content/MobileResources/HUD/MobileHUDButtonFire.uasset" 189
"../../../Engine/Content/MobileResources/HUD/MobileHUDDirectionPad.uasset" 190
"../../../Engine/Content/MobileResources/HUD/MobileHUDDirectionPad2.uasset" 191
"../../../Engine/Content/MobileResources/HUD/MobileHUDDirectionPad3.uasset" 192
"../../../Engine/Content/MobileResources/HUD/MobileHUDDirectionStick.uasset" 193
"../../../Engine/Content/MobileResources/HUD/T_Castle_ThumbstickInner.uasset" 194
"../../../Engine/Content/MobileResources/HUD/T_Castle_ThumbstickOutter.uasset" 195
"../../../Engine/Content/Tutorial/ContentIntroCurve.uasset" 196
"../../../Engine/Content/Tutorial/Basics/LevelEditorAttract.uasset" 197
"../../../Engine/Content/Tutorial/BlueprintTutorials/TutorialAssets/Blueprint_64x.uasset" 198
"../../../Engine/Content/Tutorial/BlueprintTutorials/BlueprintEditorTutorial.uasset" 199
"../../../Engine/Content/Tutorial/SubEditors/StaticMeshEditorTutorial.uasset" 200
"../../../Engine/Content/VREditor/LaserPointer/VR_LaserPower_01.uasset" 201
"../../../Engine/Content/VREditor/TransformGizmo/TransformGizmoMaterial.uasset" 202
"../../../Engine/Content/VREditor/TransformGizmo/TranslucentTransformGizmoMaterial.uasset" 203
"../../../Engine/Content/VREditor/TransformGizmo/BoundingBoxCorner.uasset" 204
"../../../Engine/Content/VREditor/TransformGizmo/BoundingBoxEdge.uasset" 205
"../../../Engine/Content/VREditor/TransformGizmo/PlaneTranslationHandle.uasset" 206
"../../../Engine/Content/VREditor/TransformGizmo/Main.uasset" 207
"../../../Engine/Content/VREditor/TransformGizmo/Xray.uasset" 208
"../../../Engine/Content/VREditor/TransformGizmo/SM_Sequencer_Key.uasset" 209
"../../../Engine/Content/VREditor/TransformGizmo/SM_Sequencer_Node.uasset" 210
"../../Plugins/2D/Paper2D/Content/DummySprite.uasset" 211
"../../Plugins/2D/Paper2D/Content/DefaultPaperTerrainMaterial.uasset" 212
"../../Plugins/2D/Paper2D/Content/MaskedUnlitSpriteMaterial.uasset" 213
"../../Plugins/2D/Paper2D/Content/OpaqueUnlitSpriteMaterial.uasset" 214
"../../Plugins/FX/Niagara/Content/Enums/ENiagaraBooleanLogicOps.uasset" 215
"../../Plugins/FX/Niagara/Content/Enums/ENiagaraCoordinateSpace.uasset" 216
"../../Plugins/FX/Niagara/Content/Enums/ENiagaraExpansionMode.uasset" 217
"../../Plugins/FX/Niagara/Content/Enums/ENiagaraOrientationAxis.uasset" 218
"../../Plugins/FX/Niagara/Content/Enums/ENiagaraRandomnessMode.uasset" 219
"../../../Engine/Content/Functions/Engine_MaterialFunctions02/Utility/BreakOutFloat4Components.uasset" 220
"../../../Engine/Content/Functions/Engine_MaterialFunctions02/Utility/MakeFloat2.uasset" 221
"../../../Engine/Content/Functions/Engine_MaterialFunctions02/Utility/MakeFloat3.uasset" 222
"../../Plugins/Runtime/Oculus/OculusVR/Content/Materials/OculusMR_ChromaKey.uasset" 223
"../../Plugins/Runtime/Oculus/OculusVR/Content/Materials/OculusMR_ChromaKey_Lit.uasset" 224
"../../Plugins/Runtime/Oculus/OculusVR/Content/Materials/OculusMR_OpaqueColoredMaterial.uasset" 225
"../../Plugins/Runtime/Oculus/OculusVR/Content/Materials/OculusMR_WhiteMaterial.uasset" 226
"../../../../../UnrealProject/NSASecurityGuard/Content/Sprite/NormalCharacter/Sprites/normal_type_sprite_sheet_Sprite_0.uasset" 227
"../../../../../UnrealProject/NSASecurityGuard/Content/Sprite/NormalCharacter/Sprites/normal_type_sprite_sheet_Sprite_1.uasset" 228
"../../../../../UnrealProject/NSASecurityGuard/Content/Sprite/NormalCharacter/Sprites/normal_type_sprite_sheet_Sprite_2.uasset" 229
"../../../../../UnrealProject/NSASecurityGuard/Content/Sprite/NormalCharacter/Flipbook/Idle/Idle_Down.uasset" 230
"../../../../../UnrealProject/NSASecurityGuard/Content/Sprite/NormalCharacter/Sprites/normal_type_sprite_sheet_Sprite_10.uasset" 231
"../../../../../UnrealProject/NSASecurityGuard/Content/Sprite/NormalCharacter/Sprites/normal_type_sprite_sheet_Sprite_11.uasset" 232
"../../../../../UnrealProject/NSASecurityGuard/Content/Sprite/NormalCharacter/Sprites/normal_type_sprite_sheet_Sprite_9.uasset" 233
"../../../../../UnrealProject/NSASecurityGuard/Content/Sprite/NormalCharacter/Flipbook/Idle/Idle_Left.uasset" 234
"../../../../../UnrealProject/NSASecurityGuard/Content/Sprite/NormalCharacter/Sprites/normal_type_sprite_sheet_Sprite_3.uasset" 235
"../../../../../UnrealProject/NSASecurityGuard/Content/Sprite/NormalCharacter/Sprites/normal_type_sprite_sheet_Sprite_4.uasset" 236
"../../../../../UnrealProject/NSASecurityGuard/Content/Sprite/NormalCharacter/Sprites/normal_type_sprite_sheet_Sprite_5.uasset" 237
"../../../../../UnrealProject/NSASecurityGuard/Content/Sprite/NormalCharacter/Flipbook/Idle/Idle_Right.uasset" 238
"../../../../../UnrealProject/NSASecurityGuard/Content/Sprite/NormalCharacter/Sprites/normal_type_sprite_sheet_Sprite_6.uasset" 239
"../../../../../UnrealProject/NSASecurityGuard/Content/Sprite/NormalCharacter/Sprites/normal_type_sprite_sheet_Sprite_7.uasset" 240
"../../../../../UnrealProject/NSASecurityGuard/Content/Sprite/NormalCharacter/Sprites/normal_type_sprite_sheet_Sprite_8.uasset" 241
"../../../../../UnrealProject/NSASecurityGuard/Content/Sprite/NormalCharacter/Flipbook/Idle/Idle_Up.uasset" 242
"../../../../../UnrealProject/NSASecurityGuard/Content/Sprite/NormalCharacter/Sprites/normal_type_sprite_sheet_Sprite_32.uasset" 243
"../../../../../UnrealProject/NSASecurityGuard/Content/Sprite/NormalCharacter/Sprites/normal_type_sprite_sheet_Sprite_33.uasset" 244
"../../../../../UnrealProject/NSASecurityGuard/Content/Sprite/NormalCharacter/Sprites/normal_type_sprite_sheet_Sprite_34.uasset" 245
"../../../../../UnrealProject/NSASecurityGuard/Content/Sprite/NormalCharacter/Sprites/normal_type_sprite_sheet_Sprite_35.uasset" 246
"../../../../../UnrealProject/NSASecurityGuard/Content/Sprite/NormalCharacter/Flipbook/Walk/Walk_Down.uasset" 247
"../../../../../UnrealProject/NSASecurityGuard/Content/Sprite/NormalCharacter/Sprites/normal_type_sprite_sheet_Sprite_44.uasset" 248
"../../../../../UnrealProject/NSASecurityGuard/Content/Sprite/NormalCharacter/Sprites/normal_type_sprite_sheet_Sprite_45.uasset" 249
"../../../../../UnrealProject/NSASecurityGuard/Content/Sprite/NormalCharacter/Sprites/normal_type_sprite_sheet_Sprite_46.uasset" 250
"../../../../../UnrealProject/NSASecurityGuard/Content/Sprite/NormalCharacter/Sprites/normal_type_sprite_sheet_Sprite_47.uasset" 251
"../../../../../UnrealProject/NSASecurityGuard/Content/Sprite/NormalCharacter/Flipbook/Walk/Walk_Left.uasset" 252
"../../../../../UnrealProject/NSASecurityGuard/Content/Sprite/NormalCharacter/Sprites/normal_type_sprite_sheet_Sprite_36.uasset" 253
"../../../../../UnrealProject/NSASecurityGuard/Content/Sprite/NormalCharacter/Sprites/normal_type_sprite_sheet_Sprite_37.uasset" 254
"../../../../../UnrealProject/NSASecurityGuard/Content/Sprite/NormalCharacter/Sprites/normal_type_sprite_sheet_Sprite_38.uasset" 255
"../../../../../UnrealProject/NSASecurityGuard/Content/Sprite/NormalCharacter/Sprites/normal_type_sprite_sheet_Sprite_39.uasset" 256
"../../../../../UnrealProject/NSASecurityGuard/Content/Sprite/NormalCharacter/Flipbook/Walk/Walk_Right.uasset" 257
"../../../../../UnrealProject/NSASecurityGuard/Content/Sprite/NormalCharacter/Sprites/normal_type_sprite_sheet_Sprite_40.uasset" 258
"../../../../../UnrealProject/NSASecurityGuard/Content/Sprite/NormalCharacter/Sprites/normal_type_sprite_sheet_Sprite_41.uasset" 259
"../../../../../UnrealProject/NSASecurityGuard/Content/Sprite/NormalCharacter/Sprites/normal_type_sprite_sheet_Sprite_42.uasset" 260
"../../../../../UnrealProject/NSASecurityGuard/Content/Sprite/NormalCharacter/Sprites/normal_type_sprite_sheet_Sprite_43.uasset" 261
"../../../../../UnrealProject/NSASecurityGuard/Content/Sprite/NormalCharacter/Flipbook/Walk/Walk_Up.uasset" 262
"../../../../../UnrealProject/NSASecurityGuard/Content/Sprite/SecurityGuard/Sprites/main_character_sprite_sheet_Sprite_79.uasset" 263
"../../../../../UnrealProject/NSASecurityGuard/Content/Sprite/SecurityGuard/Sprites/main_character_sprite_sheet_Sprite_80.uasset" 264
"../../../../../UnrealProject/NSASecurityGuard/Content/Sprite/SecurityGuard/FlipBooks/Attack/Attack_Down.uasset" 265
"../../../../../UnrealProject/NSASecurityGuard/Content/Sprite/SecurityGuard/Sprites/main_character_sprite_sheet_Sprite_83.uasset" 266
"../../../../../UnrealProject/NSASecurityGuard/Content/Sprite/SecurityGuard/Sprites/main_character_sprite_sheet_Sprite_84.uasset" 267
"../../../../../UnrealProject/NSASecurityGuard/Content/Sprite/SecurityGuard/FlipBooks/Attack/Attack_Left.uasset" 268
"../../../../../UnrealProject/NSASecurityGuard/Content/Sprite/SecurityGuard/Sprites/main_character_sprite_sheet_Sprite_75.uasset" 269
"../../../../../UnrealProject/NSASecurityGuard/Content/Sprite/SecurityGuard/Sprites/main_character_sprite_sheet_Sprite_76.uasset" 270
"../../../../../UnrealProject/NSASecurityGuard/Content/Sprite/SecurityGuard/FlipBooks/Attack/Attack_Right.uasset" 271
"../../../../../UnrealProject/NSASecurityGuard/Content/Sprite/SecurityGuard/Sprites/main_character_sprite_sheet_Sprite_87.uasset" 272
"../../../../../UnrealProject/NSASecurityGuard/Content/Sprite/SecurityGuard/Sprites/main_character_sprite_sheet_Sprite_88.uasset" 273
"../../../../../UnrealProject/NSASecurityGuard/Content/Sprite/SecurityGuard/FlipBooks/Attack/Attack_Up.uasset" 274
"../../../../../UnrealProject/NSASecurityGuard/Content/Sprite/SecurityGuard/Sprites/main_character_sprite_sheet_Sprite_24.uasset" 275
"../../../../../UnrealProject/NSASecurityGuard/Content/Sprite/SecurityGuard/Sprites/main_character_sprite_sheet_Sprite_25.uasset" 276
"../../../../../UnrealProject/NSASecurityGuard/Content/Sprite/SecurityGuard/Sprites/main_character_sprite_sheet_Sprite_26.uasset" 277
"../../../../../UnrealProject/NSASecurityGuard/Content/Sprite/SecurityGuard/Sprites/main_character_sprite_sheet_Sprite_27.uasset" 278
"../../../../../UnrealProject/NSASecurityGuard/Content/Sprite/SecurityGuard/Sprites/main_character_sprite_sheet_Sprite_28.uasset" 279
"../../../../../UnrealProject/NSASecurityGuard/Content/Sprite/SecurityGuard/Sprites/main_character_sprite_sheet_Sprite_29.uasset" 280
"../../../../../UnrealProject/NSASecurityGuard/Content/Sprite/SecurityGuard/FlipBooks/LieDown/Lie_Down.uasset" 281
"../../../../../UnrealProject/NSASecurityGuard/Content/Sprite/SecurityGuard/Sprites/main_character_sprite_sheet_Sprite_30.uasset" 282
"../../../../../UnrealProject/NSASecurityGuard/Content/Sprite/SecurityGuard/Sprites/main_character_sprite_sheet_Sprite_31.uasset" 283
"../../../../../UnrealProject/NSASecurityGuard/Content/Sprite/SecurityGuard/Sprites/main_character_sprite_sheet_Sprite_32.uasset" 284
"../../../../../UnrealProject/NSASecurityGuard/Content/Sprite/SecurityGuard/Sprites/main_character_sprite_sheet_Sprite_33.uasset" 285
"../../../../../UnrealProject/NSASecurityGuard/Content/Sprite/SecurityGuard/Sprites/main_character_sprite_sheet_Sprite_34.uasset" 286
"../../../../../UnrealProject/NSASecurityGuard/Content/Sprite/SecurityGuard/Sprites/main_character_sprite_sheet_Sprite_35.uasset" 287
"../../../../../UnrealProject/NSASecurityGuard/Content/Sprite/SecurityGuard/FlipBooks/LieDown/Lie_Up.uasset" 288
"../../../../../UnrealProject/NSASecurityGuard/Content/Sprite/SecurityGuard/FlipBooks/LieDown/Stand_Down.uasset" 289
"../../../../../UnrealProject/NSASecurityGuard/Content/Sprite/SecurityGuard/FlipBooks/LieDown/Stand_Up.uasset" 290
"../../../../../UnrealProject/NSASecurityGuard/Content/Sprite/SecurityGuard/Sprites/main_character_sprite_sheet_Sprite_55.uasset" 291
"../../../../../UnrealProject/NSASecurityGuard/Content/Sprite/SecurityGuard/Sprites/main_character_sprite_sheet_Sprite_56.uasset" 292
"../../../../../UnrealProject/NSASecurityGuard/Content/Sprite/SecurityGuard/Sprites/main_character_sprite_sheet_Sprite_57.uasset" 293
"../../../../../UnrealProject/NSASecurityGuard/Content/Sprite/SecurityGuard/Sprites/main_character_sprite_sheet_Sprite_58.uasset" 294
"../../../../../UnrealProject/NSASecurityGuard/Content/Sprite/SecurityGuard/FlipBooks/PickUp/Pick_Down.uasset" 295
"../../../../../UnrealProject/NSASecurityGuard/Content/Sprite/SecurityGuard/Sprites/main_character_sprite_sheet_Sprite_70.uasset" 296
"../../../../../UnrealProject/NSASecurityGuard/Content/Sprite/SecurityGuard/Sprites/main_character_sprite_sheet_Sprite_71.uasset" 297
"../../../../../UnrealProject/NSASecurityGuard/Content/Sprite/SecurityGuard/Sprites/main_character_sprite_sheet_Sprite_72.uasset" 298
"../../../../../UnrealProject/NSASecurityGuard/Content/Sprite/SecurityGuard/Sprites/main_character_sprite_sheet_Sprite_73.uasset" 299
"../../../../../UnrealProject/NSASecurityGuard/Content/Sprite/SecurityGuard/FlipBooks/PickUp/Pick_Left.uasset" 300
"../../../../../UnrealProject/NSASecurityGuard/Content/Sprite/SecurityGuard/Sprites/main_character_sprite_sheet_Sprite_65.uasset" 301
"../../../../../UnrealProject/NSASecurityGuard/Content/Sprite/SecurityGuard/Sprites/main_character_sprite_sheet_Sprite_66.uasset" 302
"../../../../../UnrealProject/NSASecurityGuard/Content/Sprite/SecurityGuard/Sprites/main_character_sprite_sheet_Sprite_67.uasset" 303
"../../../../../UnrealProject/NSASecurityGuard/Content/Sprite/SecurityGuard/Sprites/main_character_sprite_sheet_Sprite_68.uasset" 304
"../../../../../UnrealProject/NSASecurityGuard/Content/Sprite/SecurityGuard/FlipBooks/PickUp/Pick_Right.uasset" 305
"../../../../../UnrealProject/NSASecurityGuard/Content/Sprite/SecurityGuard/Sprites/main_character_sprite_sheet_Sprite_59.uasset" 306
"../../../../../UnrealProject/NSASecurityGuard/Content/Sprite/SecurityGuard/Sprites/main_character_sprite_sheet_Sprite_60.uasset" 307
"../../../../../UnrealProject/NSASecurityGuard/Content/Sprite/SecurityGuard/Sprites/main_character_sprite_sheet_Sprite_61.uasset" 308
"../../../../../UnrealProject/NSASecurityGuard/Content/Sprite/SecurityGuard/Sprites/main_character_sprite_sheet_Sprite_62.uasset" 309
"../../../../../UnrealProject/NSASecurityGuard/Content/Sprite/SecurityGuard/FlipBooks/PickUp/Pick_Up.uasset" 310
"../../../../../UnrealProject/NSASecurityGuard/Content/Sprite/NormalCharacter/NormalCharacter.uasset" 311
"../../../../../UnrealProject/NSASecurityGuard/Content/Sprite/SecurityGuard/Sprites/main_character_sprite_sheet_Sprite_12.uasset" 312
"../../../../../UnrealProject/NSASecurityGuard/Content/Sprite/SecurityGuard/Sprites/main_character_sprite_sheet_Sprite_13.uasset" 313
"../../../../../UnrealProject/NSASecurityGuard/Content/Sprite/SecurityGuard/Sprites/main_character_sprite_sheet_Sprite_14.uasset" 314
"../../../../../UnrealProject/NSASecurityGuard/Content/Sprite/SecurityGuard/FlipBooks/Idle/Idle_Down.uasset" 315
"../../../../../UnrealProject/NSASecurityGuard/Content/Sprite/SecurityGuard/Sprites/main_character_sprite_sheet_Sprite_21.uasset" 316
"../../../../../UnrealProject/NSASecurityGuard/Content/Sprite/SecurityGuard/Sprites/main_character_sprite_sheet_Sprite_22.uasset" 317
"../../../../../UnrealProject/NSASecurityGuard/Content/Sprite/SecurityGuard/Sprites/main_character_sprite_sheet_Sprite_23.uasset" 318
"../../../../../UnrealProject/NSASecurityGuard/Content/Sprite/SecurityGuard/FlipBooks/Idle/Idle_Left.uasset" 319
"../../../../../UnrealProject/NSASecurityGuard/Content/Sprite/SecurityGuard/Sprites/main_character_sprite_sheet_Sprite_15.uasset" 320
"../../../../../UnrealProject/NSASecurityGuard/Content/Sprite/SecurityGuard/Sprites/main_character_sprite_sheet_Sprite_16.uasset" 321
"../../../../../UnrealProject/NSASecurityGuard/Content/Sprite/SecurityGuard/Sprites/main_character_sprite_sheet_Sprite_17.uasset" 322
"../../../../../UnrealProject/NSASecurityGuard/Content/Sprite/SecurityGuard/FlipBooks/Idle/Idle_Right.uasset" 323
"../../../../../UnrealProject/NSASecurityGuard/Content/Sprite/SecurityGuard/Sprites/main_character_sprite_sheet_Sprite_18.uasset" 324
"../../../../../UnrealProject/NSASecurityGuard/Content/Sprite/SecurityGuard/Sprites/main_character_sprite_sheet_Sprite_19.uasset" 325
"../../../../../UnrealProject/NSASecurityGuard/Content/Sprite/SecurityGuard/Sprites/main_character_sprite_sheet_Sprite_20.uasset" 326
"../../../../../UnrealProject/NSASecurityGuard/Content/Sprite/SecurityGuard/FlipBooks/Idle/Idle_Up.uasset" 327
"../../../../../UnrealProject/NSASecurityGuard/Content/Sprite/SecurityGuard/Sprites/main_character_sprite_sheet_Sprite_0.uasset" 328
"../../../../../UnrealProject/NSASecurityGuard/Content/Sprite/SecurityGuard/Sprites/main_character_sprite_sheet_Sprite_1.uasset" 329
"../../../../../UnrealProject/NSASecurityGuard/Content/Sprite/SecurityGuard/Sprites/main_character_sprite_sheet_Sprite_2.uasset" 330
"../../../../../UnrealProject/NSASecurityGuard/Content/Sprite/SecurityGuard/FlipBooks/Move/Move_Down.uasset" 331
"../../../../../UnrealProject/NSASecurityGuard/Content/Sprite/SecurityGuard/Sprites/main_character_sprite_sheet_Sprite_10.uasset" 332
"../../../../../UnrealProject/NSASecurityGuard/Content/Sprite/SecurityGuard/Sprites/main_character_sprite_sheet_Sprite_11.uasset" 333
"../../../../../UnrealProject/NSASecurityGuard/Content/Sprite/SecurityGuard/Sprites/main_character_sprite_sheet_Sprite_9.uasset" 334
"../../../../../UnrealProject/NSASecurityGuard/Content/Sprite/SecurityGuard/FlipBooks/Move/Move_Left.uasset" 335
"../../../../../UnrealProject/NSASecurityGuard/Content/Sprite/SecurityGuard/Sprites/main_character_sprite_sheet_Sprite_3.uasset" 336
"../../../../../UnrealProject/NSASecurityGuard/Content/Sprite/SecurityGuard/Sprites/main_character_sprite_sheet_Sprite_4.uasset" 337
"../../../../../UnrealProject/NSASecurityGuard/Content/Sprite/SecurityGuard/Sprites/main_character_sprite_sheet_Sprite_5.uasset" 338
"../../../../../UnrealProject/NSASecurityGuard/Content/Sprite/SecurityGuard/FlipBooks/Move/Move_Right.uasset" 339
"../../../../../UnrealProject/NSASecurityGuard/Content/Sprite/SecurityGuard/Sprites/main_character_sprite_sheet_Sprite_6.uasset" 340
"../../../../../UnrealProject/NSASecurityGuard/Content/Sprite/SecurityGuard/Sprites/main_character_sprite_sheet_Sprite_7.uasset" 341
"../../../../../UnrealProject/NSASecurityGuard/Content/Sprite/SecurityGuard/Sprites/main_character_sprite_sheet_Sprite_8.uasset" 342
"../../../../../UnrealProject/NSASecurityGuard/Content/Sprite/SecurityGuard/FlipBooks/Move/Move_Up.uasset" 343
"../../../../../UnrealProject/NSASecurityGuard/Content/Sprite/SecurityGuard/SecurityGuard.uasset" 344
"../../../../../UnrealProject/NSASecurityGuard/Content/Sprite/SecurityGuard/Spawner.uasset" 345
"../../../Engine/Content/BasicShapes/BasicShapeMaterial.uasset" 346
"../../../Engine/Content/BasicShapes/Plane.uasset" 347
"../../../../../UnrealProject/NSASecurityGuard/Content/Map/Level1/Images/LAYER2_BARRIERS.uasset" 348
"../../../../../UnrealProject/NSASecurityGuard/Content/Map/Level1/image/LAYER2_BARRIERS.uasset" 349
"../../../../../UnrealProject/NSASecurityGuard/Content/Map/Level1/tileSets/LAYER2_BARRIERS_TileSet.uasset" 350
"../../../../../UnrealProject/NSASecurityGuard/Content/Map/Level1/Images/LAYER3_STAGE.uasset" 351
"../../../../../UnrealProject/NSASecurityGuard/Content/Map/Level1/image/LAYER3_STAGE.uasset" 352
"../../../../../UnrealProject/NSASecurityGuard/Content/Map/Level1/tileSets/LAYER3_STAGE_TileSet.uasset" 353
"../../../../../UnrealProject/NSASecurityGuard/Content/Map/Level1/Images/LAYER3_STAGE_TOP.uasset" 354
"../../../../../UnrealProject/NSASecurityGuard/Content/Map/Level1/image/LAYER3_STAGE_TOP.uasset" 355
"../../../../../UnrealProject/NSASecurityGuard/Content/Map/Level1/tileSets/LAYER3_STAGE_TOP_TileSet.uasset" 356
"../../../../../UnrealProject/NSASecurityGuard/Content/Map/Level1/Images/LAYER4_PAVILLION.uasset" 357
"../../../../../UnrealProject/NSASecurityGuard/Content/Map/Level1/image/LAYER4_PAVILLION.uasset" 358
"../../../../../UnrealProject/NSASecurityGuard/Content/Map/Level1/tileSets/LAYER4_PAVILLION_TileSet.uasset" 359
"../../../../../UnrealProject/NSASecurityGuard/Content/Map/Level1/Images/Whole.uasset" 360
"../../../../../UnrealProject/NSASecurityGuard/Content/Map/Level1/image/Whole.uasset" 361
"../../../../../UnrealProject/NSASecurityGuard/Content/Map/Level1/tileSets/Whole_TileSet.uasset" 362
"../../../../../UnrealProject/NSASecurityGuard/Content/Map/Level1/TileMaps/level1_mao.uasset" 363
"../../../../../UnrealProject/NSASecurityGuard/Content/Map/Level1/TileMaps/level1_outbounds.uasset" 364
"../../../../../UnrealProject/NSASecurityGuard/Content/Map/Level1/Level1.umap" 365
"../../../../../UnrealProject/NSASecurityGuard/Content/Map/NSASecurityGuard.uasset" 366
"../../../../../UnrealProject/NSASecurityGuard/Content/Map/Level2/Level2.umap" 367
"../../../../../UnrealProject/NSASecurityGuard/Content/Map/Menus/mainMenu.uasset" 368
"../../../../../UnrealProject/NSASecurityGuard/Content/Map/Menus/Menu.umap" 369
"../../../Engine/Content/Maps/Entry_BuiltData.uasset" 370
"../../../Engine/Content/Maps/Entry.umap" 371
